2024-07-17 06:45:25,243 DEBUG: Acessing Data
2024-07-17 06:45:36,333 DEBUG: Acessing Data
2024-07-17 06:46:51,597 DEBUG: Root Accessed
2024-07-17 06:46:57,656 DEBUG: Root Accessed
2024-07-17 06:49:57,244 INFO: Accessed index route.
2024-07-17 06:50:03,679 INFO: Accessed data route.
2024-07-17 06:50:59,062 INFO: Accessed data route.
2024-07-17 06:50:59,066 INFO: In lock
2024-07-17 06:51:29,311 INFO: Accessed data route.
2024-07-17 06:51:29,312 INFO: In lock
2024-07-17 06:51:29,313 INFO: In else
2024-07-17 06:51:30,370 INFO: Accessed data route.
2024-07-17 06:51:30,371 INFO: In lock
2024-07-17 06:51:30,371 INFO: In else
2024-07-17 06:52:18,828 INFO: Accessed data route.
2024-07-17 06:52:18,829 INFO: In lock
2024-07-17 06:52:18,831 INFO: []
2024-07-17 06:52:18,831 INFO: In else
2024-07-17 06:54:12,471 INFO: Accessed data route.
2024-07-17 06:54:12,472 INFO: In lock
2024-07-17 06:54:12,473 INFO: []
2024-07-17 06:54:12,474 INFO: In else
2024-07-17 06:54:13,166 INFO: Accessed data route.
2024-07-17 06:54:13,167 INFO: In lock
2024-07-17 06:54:13,167 INFO: []
2024-07-17 06:54:13,167 INFO: In else
2024-07-17 06:55:19,870 INFO: Accessed data route.
2024-07-17 06:55:19,871 INFO: In lock
2024-07-17 06:55:19,871 INFO: []
2024-07-17 06:55:19,872 INFO: In else
2024-07-17 06:55:24,013 INFO: Accessed data route.
2024-07-17 06:55:24,015 INFO: In lock
2024-07-17 06:55:24,015 INFO: []
2024-07-17 06:55:24,016 INFO: In else
2024-07-17 06:55:52,541 INFO: Accessed data route.
2024-07-17 06:55:52,543 INFO: In lock
2024-07-17 06:55:52,543 INFO: []
2024-07-17 06:55:52,544 INFO: In else
2024-07-17 06:55:54,888 INFO: Accessed data route.
2024-07-17 06:55:54,889 INFO: In lock
2024-07-17 06:55:54,890 INFO: []
2024-07-17 06:55:54,891 INFO: In else
2024-07-17 07:00:31,665 INFO: Accessed data route.
2024-07-17 07:00:31,667 INFO: In lock
2024-07-17 07:00:31,668 INFO: []
2024-07-17 07:00:31,669 INFO: In else
2024-07-17 07:02:39,907 INFO: Accessed data route.
2024-07-17 07:02:39,908 INFO: In lock
2024-07-17 07:02:39,909 INFO: []
2024-07-17 07:02:39,910 INFO: In else
